wearos-watchface/app/build/intermediates/manifest_merge_blame_file/debug/processDebugMainManifest/manifest-merger-blame-debug-report.txt
1<?xml version="1.0" encoding="utf-8"?>
2<manifest xmlns:android="http://schemas.android.com/apk/res/android"
3    package="com.lanthanum89.binaryclock.watchface"
4    android:versionCode="1"
5    android:versionName="1.0.0" >
6
7    <uses-sdk
8        android:minSdkVersion="30"
9        android:targetSdkVersion="35" />
10
11    <uses-feature android:name="android.hardware.type.watch" />
11-->src\main\AndroidManifest.xml:4:5-64
11-->src\main\AndroidManifest.xml:4:19-61
12
13    <queries>
13-->[androidx.wear.watchface:watchface:1.2.1] AndroidManifest.xml:22:5-35:15
14        <intent>
14-->[androidx.wear.watchface:watchface:1.2.1] AndroidManifest.xml:23:9-27:18
15
16            <!-- Needed to have visibility on complication data sources installed on the device. -->
17            <action android:name="android.support.wearable.complications.ACTION_COMPLICATION_UPDATE_REQUEST" />
17-->[androidx.wear.watchface:watchface:1.2.1] AndroidManifest.xml:26:13-112
17-->[androidx.wear.watchface:watchface:1.2.1] AndroidManifest.xml:26:21-109
18        </intent>
19        <intent>
19-->[androidx.wear.watchface:watchface:1.2.1] AndroidManifest.xml:28:9-34:18
20
21            <!-- Needed to have visibility on launcher items to handle app shortcuts in complications. -->
22            <action android:name="android.intent.action.MAIN" />
22-->[androidx.wear.watchface:watchface:1.2.1] AndroidManifest.xml:31:13-65
22-->[androidx.wear.watchface:watchface:1.2.1] AndroidManifest.xml:31:21-62
23
24            <category android:name="android.intent.category.LAUNCHER" />
24-->[androidx.wear.watchface:watchface:1.2.1] AndroidManifest.xml:33:13-73
24-->[androidx.wear.watchface:watchface:1.2.1] AndroidManifest.xml:33:23-70
25        </intent>
26    </queries>
27
28    <permission
28-->[androidx.core:core:1.15.0] AndroidManifest.xml:22:5-24:47
29        android:name="com.lanthanum89.binaryclock.watchface.DYNAMIC_RECEIVER_NOT_EXPORTED_PERMISSION"
29-->[androidx.core:core:1.15.0] AndroidManifest.xml:23:9-81
30        android:protectionLevel="signature" />
30-->[androidx.core:core:1.15.0] AndroidManifest.xml:24:9-44
31
32    <uses-permission android:name="com.lanthanum89.binaryclock.watchface.DYNAMIC_RECEIVER_NOT_EXPORTED_PERMISSION" />
32-->[androidx.core:core:1.15.0] AndroidManifest.xml:26:5-97
32-->[androidx.core:core:1.15.0] AndroidManifest.xml:26:22-94
33
34    <application
34-->src\main\AndroidManifest.xml:6:5-30:19
35        android:allowBackup="false"
35-->src\main\AndroidManifest.xml:7:9-36
36        android:appComponentFactory="androidx.core.app.CoreComponentFactory"
36-->[androidx.core:core:1.15.0] AndroidManifest.xml:28:18-86
37        android:debuggable="true"
38        android:extractNativeLibs="false"
39        android:icon="@android:drawable/ic_dialog_info"
39-->src\main\AndroidManifest.xml:8:9-56
40        android:label="@string/app_name"
40-->src\main\AndroidManifest.xml:9:9-41
41        android:supportsRtl="true" >
41-->src\main\AndroidManifest.xml:10:9-35
42        <service
42-->src\main\AndroidManifest.xml:12:9-29:19
43            android:name="com.lanthanum89.binaryclock.watchface.BinaryBloomWatchFaceService"
43-->src\main\AndroidManifest.xml:13:13-56
44            android:exported="true"
44-->src\main\AndroidManifest.xml:14:13-36
45            android:label="@string/watch_face_name"
45-->src\main\AndroidManifest.xml:15:13-52
46            android:permission="android.permission.BIND_WALLPAPER" >
46-->src\main\AndroidManifest.xml:16:13-67
47            <intent-filter>
47-->src\main\AndroidManifest.xml:17:13-20:29
48                <action android:name="android.service.wallpaper.WallpaperService" />
48-->src\main\AndroidManifest.xml:18:17-85
48-->src\main\AndroidManifest.xml:18:25-82
49                <action android:name="androidx.wear.watchface.WatchFaceService" />
49-->src\main\AndroidManifest.xml:19:17-83
49-->src\main\AndroidManifest.xml:19:25-80
50            </intent-filter>
51
52            <meta-data
52-->src\main\AndroidManifest.xml:22:13-24:54
53                android:name="android.service.wallpaper"
53-->src\main\AndroidManifest.xml:23:17-57
54                android:resource="@xml/watch_face" />
54-->src\main\AndroidManifest.xml:24:17-51
55            <meta-data
55-->src\main\AndroidManifest.xml:26:13-28:71
56                android:name="com.google.android.wearable.watchface.preview"
56-->src\main\AndroidManifest.xml:27:17-77
57                android:resource="@android:drawable/ic_dialog_info" />
57-->src\main\AndroidManifest.xml:28:17-68
58        </service>
59
60        <uses-library
60-->[androidx.wear.watchface:watchface-complications-data:1.2.1] AndroidManifest.xml:8:9-10:40
61            android:name="com.google.android.wearable"
61-->[androidx.wear.watchface:watchface-complications-data:1.2.1] AndroidManifest.xml:9:13-55
62            android:required="false" />
62-->[androidx.wear.watchface:watchface-complications-data:1.2.1] AndroidManifest.xml:10:13-37
63
64        <service
64-->[androidx.wear.watchface:watchface:1.2.1] AndroidManifest.xml:42:9-58:19
65            android:name="androidx.wear.watchface.control.WatchFaceControlService"
65-->[androidx.wear.watchface:watchface:1.2.1] AndroidManifest.xml:43:13-83
66            android:directBootAware="true"
66-->[androidx.wear.watchface:watchface:1.2.1] AndroidManifest.xml:44:13-43
67            android:enabled="@bool/watch_face_instance_service_enabled"
67-->[androidx.wear.watchface:watchface:1.2.1] AndroidManifest.xml:45:13-72
68            android:exported="true"
68-->[androidx.wear.watchface:watchface:1.2.1] AndroidManifest.xml:46:13-36
69            android:permission="com.google.android.wearable.permission.BIND_WATCH_FACE_CONTROL" >
69-->[androidx.wear.watchface:watchface:1.2.1] AndroidManifest.xml:47:13-96
70            <meta-data
70-->[androidx.wear.watchface:watchface:1.2.1] AndroidManifest.xml:48:13-50:67
71                android:name="androidx.wear.watchface.api_version"
71-->[androidx.wear.watchface:watchface:1.2.1] AndroidManifest.xml:49:17-67
72                android:value="@integer/watch_face_api_version" />
72-->[androidx.wear.watchface:watchface:1.2.1] AndroidManifest.xml:50:17-64
73            <meta-data
73-->[androidx.wear.watchface:watchface:1.2.1] AndroidManifest.xml:51:13-53:67
74                android:name="androidx.wear.watchface.xml_version"
74-->[androidx.wear.watchface:watchface:1.2.1] AndroidManifest.xml:52:17-67
75                android:value="@integer/watch_face_xml_version" />
75-->[androidx.wear.watchface:watchface:1.2.1] AndroidManifest.xml:53:17-64
76
77            <intent-filter>
77-->[androidx.wear.watchface:watchface:1.2.1] AndroidManifest.xml:55:13-57:29
78                <action android:name="com.google.android.wearable.action.WATCH_FACE_CONTROL" />
78-->[androidx.wear.watchface:watchface:1.2.1] AndroidManifest.xml:56:17-96
78-->[androidx.wear.watchface:watchface:1.2.1] AndroidManifest.xml:56:25-93
79            </intent-filter>
80        </service>
81        <!--
82      Used to configure complications. Applications can remove this using:
83      <activity
84	  android:name="androidx.wear.watchface.ComplicationHelperActivity"
85	  tools:node="remove" />
86      in their manifest if they do not support complications and want to allow
87      R8 to remove the code associated with this activity. If the activity is
88      remove while it is needed, this may lead to a runtime exception of type
89      android.content.ActivityNotFoundException.
90        -->
91        <activity
91-->[androidx.wear.watchface:watchface:1.2.1] AndroidManifest.xml:70:9-74:75
92            android:name="androidx.wear.watchface.ComplicationHelperActivity"
92-->[androidx.wear.watchface:watchface:1.2.1] AndroidManifest.xml:71:13-78
93            android:excludeFromRecents="true"
93-->[androidx.wear.watchface:watchface:1.2.1] AndroidManifest.xml:72:13-46
94            android:exported="false"
94-->[androidx.wear.watchface:watchface:1.2.1] AndroidManifest.xml:73:13-37
95            android:theme="@android:style/Theme.Translucent.NoTitleBar" />
95-->[androidx.wear.watchface:watchface:1.2.1] AndroidManifest.xml:74:13-72
96
97        <provider
97-->[androidx.profileinstaller:profileinstaller:1.3.0] AndroidManifest.xml:24:9-32:20
98            android:name="androidx.startup.InitializationProvider"
98-->[androidx.profileinstaller:profileinstaller:1.3.0] AndroidManifest.xml:25:13-67
99            android:authorities="com.lanthanum89.binaryclock.watchface.androidx-startup"
99-->[androidx.profileinstaller:profileinstaller:1.3.0] AndroidManifest.xml:26:13-68
100            android:exported="false" >
100-->[androidx.profileinstaller:profileinstaller:1.3.0] AndroidManifest.xml:27:13-37
101            <meta-data
101-->[androidx.profileinstaller:profileinstaller:1.3.0] AndroidManifest.xml:29:13-31:52
102                android:name="androidx.profileinstaller.ProfileInstallerInitializer"
102-->[androidx.profileinstaller:profileinstaller:1.3.0] AndroidManifest.xml:30:17-85
103                android:value="androidx.startup" />
103-->[androidx.profileinstaller:profileinstaller:1.3.0] AndroidManifest.xml:31:17-49
104        </provider>
105
106        <receiver
106-->[androidx.profileinstaller:profileinstaller:1.3.0] AndroidManifest.xml:34:9-52:20
107            android:name="androidx.profileinstaller.ProfileInstallReceiver"
107-->[androidx.profileinstaller:profileinstaller:1.3.0] AndroidManifest.xml:35:13-76
108            android:directBootAware="false"
108-->[androidx.profileinstaller:profileinstaller:1.3.0] AndroidManifest.xml:36:13-44
109            android:enabled="true"
109-->[androidx.profileinstaller:profileinstaller:1.3.0] AndroidManifest.xml:37:13-35
110            android:exported="true"
110-->[androidx.profileinstaller:profileinstaller:1.3.0] AndroidManifest.xml:38:13-36
111            android:permission="android.permission.DUMP" >
111-->[androidx.profileinstaller:profileinstaller:1.3.0] AndroidManifest.xml:39:13-57
112            <intent-filter>
112-->[androidx.profileinstaller:profileinstaller:1.3.0] AndroidManifest.xml:40:13-42:29
113                <action android:name="androidx.profileinstaller.action.INSTALL_PROFILE" />
113-->[androidx.profileinstaller:profileinstaller:1.3.0] AndroidManifest.xml:41:17-91
113-->[androidx.profileinstaller:profileinstaller:1.3.0] AndroidManifest.xml:41:25-88
114            </intent-filter>
115            <intent-filter>
115-->[androidx.profileinstaller:profileinstaller:1.3.0] AndroidManifest.xml:43:13-45:29
116                <action android:name="androidx.profileinstaller.action.SKIP_FILE" />
116-->[androidx.profileinstaller:profileinstaller:1.3.0] AndroidManifest.xml:44:17-85
116-->[androidx.profileinstaller:profileinstaller:1.3.0] AndroidManifest.xml:44:25-82
117            </intent-filter>
118            <intent-filter>
118-->[androidx.profileinstaller:profileinstaller:1.3.0] AndroidManifest.xml:46:13-48:29
119                <action android:name="androidx.profileinstaller.action.SAVE_PROFILE" />
119-->[androidx.profileinstaller:profileinstaller:1.3.0] AndroidManifest.xml:47:17-88
119-->[androidx.profileinstaller:profileinstaller:1.3.0] AndroidManifest.xml:47:25-85
120            </intent-filter>
121            <intent-filter>
121-->[androidx.profileinstaller:profileinstaller:1.3.0] AndroidManifest.xml:49:13-51:29
122                <action android:name="androidx.profileinstaller.action.BENCHMARK_OPERATION" />
122-->[androidx.profileinstaller:profileinstaller:1.3.0] AndroidManifest.xml:50:17-95
122-->[androidx.profileinstaller:profileinstaller:1.3.0] AndroidManifest.xml:50:25-92
123            </intent-filter>
124        </receiver>
125    </application>
126
127</manifest>